make[2]: Entering directory '/home/matir/ATL/verified-scheduling/src/verified_lowering/stringify'
COQDEP VFILES
coq_makefile -R ../proof Lower -R ../inferpad Inferpad -R ../../verified_scheduling/atl ATL -R ../../verified_scheduling/codegen Codegen -R ../../examples Examples -R . Stringify GenLib.v -o MakefileLib.coq
make --no-print-directory -f "MakefileLib.coq" pre-all
COQDEP VFILES
coq_makefile -R ../proof Lower -R ../inferpad Inferpad -R ../../verified_scheduling/atl ATL -R ../../verified_scheduling/codegen Codegen -R ../../examples Examples -R . Stringify GenLib.v -o MakefileLib.coq
# Extension point
if [ "8.18.0" != "8.18.0" ]; then\
  echo "W: This Makefile was generated by Coq 8.18.0";\
  echo "W: while the current Coq version is 8.18.0";\
fi
make --no-print-directory -f "MakefileLib.coq" real-all
COQDEP VFILES
coq_makefile -R ../proof Lower -R ../inferpad Inferpad -R ../../verified_scheduling/atl ATL -R ../../verified_scheduling/codegen Codegen -R ../../examples Examples -R . Stringify GenLib.v -o MakefileLib.coq
echo ""COQC GenLib.v
"coqc"   -q   "-w" "-deprecated-native-compiler-option" "-native-compiler" "no" -R ../proof Lower -R ../inferpad Inferpad -R ../../verified_scheduling/atl ATL -R ../../verified_scheduling/codegen Codegen -R ../../examples Examples -R . Stringify GenLib.v
make --no-print-directory -f "MakefileLib.coq" post-all
COQDEP VFILES
coq_makefile -R ../proof Lower -R ../inferpad Inferpad -R ../../verified_scheduling/atl ATL -R ../../verified_scheduling/codegen Codegen -R ../../examples Examples -R . Stringify GenLib.v -o MakefileLib.coq
# Extension point
make[2]: Leaving directory '/home/matir/ATL/verified-scheduling/src/verified_lowering/stringify'
